<?xml version="1.0" encoding="UTF-8"?>
<!-- Generated by org.testng.reporters.JUnitXMLReporter -->
<testsuite hostname="DESKTOP-N7I0DHI" ignored="0" name="Test" tests="3" failures="2" timestamp="15 Sep 2020 04:36:43 GMT" time="0.383" errors="0">
  <testcase name="login" time="0.249" classname="com.Sign.TestCases.LoginTest">
    <failure type="java.lang.IllegalStateException" message="The driver executable does not exist: G:\selenium\Softwares\Chrome Driver\chromedriver.exe">
      <![CDATA[java.lang.IllegalStateException: The driver executable does not exist: G:\selenium\Softwares\Chrome Driver\chromedriver.exe
at com.google.common.base.Preconditions.checkState(Preconditions.java:585)
at org.openqa.selenium.remote.service.DriverService.checkExecutable(DriverService.java:146)
at org.openqa.selenium.remote.service.DriverService.findExecutable(DriverService.java:141)
at org.openqa.selenium.chrome.ChromeDriverService.access$000(ChromeDriverService.java:35)
at org.openqa.selenium.chrome.ChromeDriverService$Builder.findDefaultExecutable(ChromeDriverService.java:159)
at org.openqa.selenium.remote.service.DriverService$Builder.build(DriverService.java:355)
at org.openqa.selenium.chrome.ChromeDriverService.createDefaultService(ChromeDriverService.java:94)
at org.openqa.selenium.chrome.ChromeDriver.<init>(ChromeDriver.java:123)
at com.Sign.Page.BasePage.<init>(BasePage.java:24)
at com.Sign.Pages.SignUpPage1.<init>(SignUpPage1.java:13)
at com.Sign.TestCases.LoginTest.login(LoginTest.java:17)
... Removed 25 stack frames]]>
    </failure>
  </testcase> <!-- login -->
  <testcase name="gmailLogin" time="0.031" classname="com.Sign.TestCases.LoginTest">
    <failure type="java.lang.IllegalStateException" message="The driver executable does not exist: G:\selenium\Softwares\Chrome Driver\chromedriver.exe">
      <![CDATA[java.lang.IllegalStateException: The driver executable does not exist: G:\selenium\Softwares\Chrome Driver\chromedriver.exe
at com.google.common.base.Preconditions.checkState(Preconditions.java:585)
at org.openqa.selenium.remote.service.DriverService.checkExecutable(DriverService.java:146)
at org.openqa.selenium.remote.service.DriverService.findExecutable(DriverService.java:141)
at org.openqa.selenium.chrome.ChromeDriverService.access$000(ChromeDriverService.java:35)
at org.openqa.selenium.chrome.ChromeDriverService$Builder.findDefaultExecutable(ChromeDriverService.java:159)
at org.openqa.selenium.remote.service.DriverService$Builder.build(DriverService.java:355)
at org.openqa.selenium.chrome.ChromeDriverService.createDefaultService(ChromeDriverService.java:94)
at org.openqa.selenium.chrome.ChromeDriver.<init>(ChromeDriver.java:123)
at com.Sign.Page.BasePage.<init>(BasePage.java:24)
at com.Sign.Pages.GmailLogin.<init>(GmailLogin.java:9)
at com.Sign.TestCases.LoginTest.gmailLogin(LoginTest.java:22)
... Removed 25 stack frames]]>
    </failure>
  </testcase> <!-- gmailLogin -->
  <testcase name="signIn" time="0.001" classname="com.Sign.TestCases.LoginTest">
    <skipped/>
  </testcase> <!-- signIn -->
</testsuite> <!-- Test -->
