<?xml version="1.0" encoding="UTF-8"?>
<!-- Generated by org.testng.reporters.JUnitXMLReporter -->
<testsuite hostname="DESKTOP-N7I0DHI" ignored="0" name="Default test(failed)" tests="3" failures="2" timestamp="03 Jul 2020 02:27:12 GMT" time="23.536" errors="0">
  <testcase name="login" time="0.018" classname="com.Sign.TestCases.LoginTest">
    <failure type="java.lang.Error" message="Unresolved compilation problems: 
	SignUpPage cannot be resolved to a type
	SignUpPage cannot be resolved to a type
">
      <![CDATA[java.lang.Error: Unresolved compilation problems: 
SignUpPage cannot be resolved to a type
SignUpPage cannot be resolved to a type

at com.Sign.TestCases.LoginTest.login(LoginTest.java:15)
... Removed 25 stack frames]]>
    </failure>
  </testcase> <!-- login -->
  <testcase name="gmailLogin" time="23.438" classname="com.Sign.TestCases.LoginTest">
    <failure type="org.openqa.selenium.NoSuchElementException" message="Cannot locate an element using xpath=//input[@name=&amp;apos;password&amp;apos;]
For documentation on this error, please visit: https://www.seleniumhq.org/exceptions/no_such_element.html
Build info: version: &amp;apos;3.141.59&amp;apos;, revision: &amp;apos;e82be7d358&amp;apos;, time: &amp;apos;2018-11-14T08:17:03&amp;apos;
System info: host: &amp;apos;DESKTOP-N7I0DHI&amp;apos;, ip: &amp;apos;192.168.0.102&amp;apos;, os.name: &amp;apos;Windows 10&amp;apos;, os.arch: &amp;apos;amd64&amp;apos;, os.version: &amp;apos;10.0&amp;apos;, java.version: &amp;apos;1.8.0_251&amp;apos;
Driver info: driver.version: RemoteWebDriver">
      <![CDATA[org.openqa.selenium.NoSuchElementException: Cannot locate an element using xpath=//input[@name='password']
For documentation on this error, please visit: https://www.seleniumhq.org/exceptions/no_such_element.html
Build info: version: '3.141.59', revision: 'e82be7d358', time: '2018-11-14T08:17:03'
System info: host: 'DESKTOP-N7I0DHI', ip: '192.168.0.102', os.name: 'Windows 10', os.arch: 'amd64', os.version: '10.0', java.version: '1.8.0_251'
Driver info: driver.version: RemoteWebDriver
at org.openqa.selenium.remote.RemoteWebDriver.findElement(RemoteWebDriver.java:327)
at org.openqa.selenium.remote.RemoteWebDriver.findElementByXPath(RemoteWebDriver.java:428)
at org.openqa.selenium.By$ByXPath.findElement(By.java:353)
at org.openqa.selenium.remote.RemoteWebDriver.findElement(RemoteWebDriver.java:315)
at com.Sign.Page.BasePage.sendKeys(BasePage.java:38)
at com.Sign.Pages.GmailLogin.gmailLogin(GmailLogin.java:20)
at com.Sign.TestCases.LoginTest.gmailLogin(LoginTest.java:21)
... Removed 25 stack frames]]>
    </failure>
  </testcase> <!-- gmailLogin -->
  <testcase name="signIn" time="0.001" classname="com.Sign.TestCases.LoginTest">
    <skipped/>
  </testcase> <!-- signIn -->
</testsuite> <!-- Default test(failed) -->
